支付功能/Android-SDK@2.6.11.80110_20200410/UniPlugin-Hello-AS/app/build/outputs/logs/manifest-merger-release-report.txt
-- Merging decision tree log ---
manifest
ADDED from src/main/AndroidManifest.xml:2:1-87:12
INJECTED from src/main/AndroidManifest.xml:2:1-87:12
INJECTED from src/main/AndroidManifest.xml:2:1-87:12
INJECTED from src/main/AndroidManifest.xml:2:1-87:12
MERGED from [lib.5plus.base-release.aar] AndroidManifest.xml:2:1-318:12
MERGED from [miit_mdid_1.0.10.aar] AndroidManifest.xml:1:1-10:12
MERGED from [android-gif-drawable-release@1.2.17.aar] AndroidManifest.xml:2:1-10:12
MERGED from [uniapp-release.aar] AndroidManifest.xml:20:1-37:12
MERGED from [com.android.support:support-v4:28.0.0] AndroidManifest.xml:17:1-22:12
MERGED from [com.android.support:appcompat-v7:28.0.0] AndroidManifest.xml:17:1-22:12
MERGED from [com.android.support:recyclerview-v7:28.0.0] AndroidManifest.xml:17:1-22:12
MERGED from [:uniplugin_richalert] AndroidManifest.xml:2:1-11:12
MERGED from [com.facebook.fresco:fresco:1.13.0] AndroidManifest.xml:2:1-9:12
MERGED from [com.facebook.fresco:animated-gif:1.13.0] AndroidManifest.xml:2:1-9:12
MERGED from [com.github.bumptech.glide:glide:4.9.0] AndroidManifest.xml:2:1-12:12
MERGED from [com.android.support:multidex:1.0.2] AndroidManifest.xml:17:1-22:12
MERGED from [com.android.support:support-media-compat:28.0.0] AndroidManifest.xml:17:1-22:12
MERGED from [com.android.support:support-fragment:28.0.0] AndroidManifest.xml:17:1-22:12
MERGED from [com.android.support:animated-vector-drawable:28.0.0] AndroidManifest.xml:17:1-22:12
MERGED from [com.android.support:support-core-ui:28.0.0] AndroidManifest.xml:17:1-22:12
MERGED from [com.android.support:support-core-utils:28.0.0] AndroidManifest.xml:17:1-22:12
MERGED from [com.android.support:support-vector-drawable:28.0.0] AndroidManifest.xml:17:1-22:12
MERGED from [com.android.support:loader:28.0.0] AndroidManifest.xml:17:1-22:12
MERGED from [com.android.support:viewpager:28.0.0] AndroidManifest.xml:17:1-22:12
MERGED from [com.android.support:coordinatorlayout:28.0.0] AndroidManifest.xml:17:1-22:12
MERGED from [com.android.support:drawerlayout:28.0.0] AndroidManifest.xml:17:1-22:12
MERGED from [com.android.support:slidingpanelayout:28.0.0] AndroidManifest.xml:17:1-22:12
MERGED from [com.android.support:customview:28.0.0] AndroidManifest.xml:17:1-22:12
MERGED from [com.android.support:swiperefreshlayout:28.0.0] AndroidManifest.xml:17:1-22:12
MERGED from [com.android.support:asynclayoutinflater:28.0.0] AndroidManifest.xml:17:1-22:12
MERGED from [com.android.support:support-compat:28.0.0] AndroidManifest.xml:17:1-24:12
MERGED from [com.android.support:versionedparcelable:28.0.0] AndroidManifest.xml:17:1-25:12
MERGED from [com.android.support:cursoradapter:28.0.0] AndroidManifest.xml:17:1-22:12
MERGED from [com.github.bumptech.glide:gifdecoder:4.9.0] AndroidManifest.xml:2:1-11:12
MERGED from [android.arch.lifecycle:runtime:1.1.1] AndroidManifest.xml:17:1-22:12
MERGED from [com.android.support:documentfile:28.0.0] AndroidManifest.xml:17:1-22:12
MERGED from [com.android.support:localbroadcastmanager:28.0.0] AndroidManifest.xml:17:1-22:12
MERGED from [com.android.support:print:28.0.0] AndroidManifest.xml:17:1-22:12
MERGED from [com.android.support:interpolator:28.0.0] AndroidManifest.xml:17:1-22:12
MERGED from [android.arch.lifecycle:livedata:1.1.1] AndroidManifest.xml:17:1-22:12
MERGED from [android.arch.lifecycle:livedata-core:1.1.1] AndroidManifest.xml:17:1-22:12
MERGED from [android.arch.core:runtime:1.1.1] AndroidManifest.xml:17:1-22:12
MERGED from [android.arch.lifecycle:viewmodel:1.1.1] AndroidManifest.xml:17:1-22:12
MERGED from [com.facebook.fresco:animated-base:1.13.0] AndroidManifest.xml:2:1-9:12
MERGED from [com.facebook.fresco:animated-drawable:1.13.0] AndroidManifest.xml:2:1-9:12
MERGED from [com.facebook.fresco:drawee:1.13.0] AndroidManifest.xml:2:1-9:12
MERGED from [com.facebook.fresco:nativeimagefilters:1.13.0] AndroidManifest.xml:2:1-9:12
MERGED from [com.facebook.fresco:imagepipeline:1.13.0] AndroidManifest.xml:2:1-9:12
MERGED from [com.facebook.fresco:nativeimagetranscoder:1.13.0] AndroidManifest.xml:2:1-9:12
MERGED from [com.facebook.fresco:imagepipeline-base:1.13.0] AndroidManifest.xml:2:1-9:12
MERGED from [com.facebook.fresco:fbcore:1.13.0] AndroidManifest.xml:2:1-9:12
MERGED from [com.facebook.soloader:soloader:0.6.0] AndroidManifest.xml:2:1-13:12
INJECTED from src/main/AndroidManifest.xml:2:1-87:12
INJECTED from src/main/AndroidManifest.xml:2:1-87:12
INJECTED from src/main/AndroidManifest.xml:2:1-87:12
	package
		ADDED from src/main/AndroidManifest.xml:3:5-37
		INJECTED from src/main/AndroidManifest.xml
		INJECTED from src/main/AndroidManifest.xml
	android:versionName
		INJECTED from src/main/AndroidManifest.xml
		ADDED from src/main/AndroidManifest.xml:2:1-87:12
		INJECTED from src/main/AndroidManifest.xml
	android:versionCode
		INJECTED from src/main/AndroidManifest.xml
		ADDED from src/main/AndroidManifest.xml:2:1-87:12
		INJECTED from src/main/AndroidManifest.xml
	xmlns:android
		ADDED from src/main/AndroidManifest.xml:2:11-69
supports-screens
ADDED from src/main/AndroidManifest.xml:5:5-10:39
MERGED from [lib.5plus.base-release.aar] AndroidManifest.xml:9:5-14:39
MERGED from [lib.5plus.base-release.aar] AndroidManifest.xml:9:5-14:39
	android:largeScreens
		ADDED from src/main/AndroidManifest.xml:7:9-36
	android:smallScreens
		ADDED from src/main/AndroidManifest.xml:10:9-36
	android:normalScreens
		ADDED from src/main/AndroidManifest.xml:8:9-37
	android:resizeable
		ADDED from src/main/AndroidManifest.xml:9:9-34
	android:anyDensity
		ADDED from src/main/AndroidManifest.xml:6:9-34
uses-permission#android.permission.CAMERA
ADDED from src/main/AndroidManifest.xml:13:5-65
	android:name
		ADDED from src/main/AndroidManifest.xml:13:22-62
uses-permission#android.permission.WRITE_EXTERNAL_STORAGE
ADDED from src/main/AndroidManifest.xml:14:5-81
MERGED from [lib.5plus.base-release.aar] AndroidManifest.xml:16:5-81
MERGED from [lib.5plus.base-release.aar] AndroidManifest.xml:16:5-81
	android:name
		ADDED from src/main/AndroidManifest.xml:14:22-78
uses-feature#android.hardware.camera
ADDED from src/main/AndroidManifest.xml:16:5-60
	android:name
		ADDED from src/main/AndroidManifest.xml:16:19-57
uses-feature#android.hardware.camera.autofocus
ADDED from src/main/AndroidManifest.xml:17:5-70
	android:name
		ADDED from src/main/AndroidManifest.xml:17:19-67
uses-permission#android.permission.VIBRATE
ADDED from src/main/AndroidManifest.xml:19:5-66
	android:name
		ADDED from src/main/AndroidManifest.xml:19:22-63
uses-permission#android.permission.FLASHLIGHT
ADDED from src/main/AndroidManifest.xml:20:5-69
	android:name
		ADDED from src/main/AndroidManifest.xml:20:22-66
application
ADDED from src/main/AndroidManifest.xml:23:5-85:19
MERGED from [lib.5plus.base-release.aar] AndroidManifest.xml:156:5-316:19
MERGED from [lib.5plus.base-release.aar] AndroidManifest.xml:156:5-316:19
MERGED from [uniapp-release.aar] AndroidManifest.xml:29:5-35:19
MERGED from [uniapp-release.aar] AndroidManifest.xml:29:5-35:19
MERGED from [com.github.bumptech.glide:glide:4.9.0] AndroidManifest.xml:10:5-20
MERGED from [com.github.bumptech.glide:glide:4.9.0] AndroidManifest.xml:10:5-20
MERGED from [com.android.support:support-compat:28.0.0] AndroidManifest.xml:22:5-94
MERGED from [com.android.support:support-compat:28.0.0] AndroidManifest.xml:22:5-94
MERGED from [com.android.support:versionedparcelable:28.0.0] AndroidManifest.xml:22:5-23:19
MERGED from [com.android.support:versionedparcelable:28.0.0] AndroidManifest.xml:22:5-23:19
MERGED from [com.github.bumptech.glide:gifdecoder:4.9.0] AndroidManifest.xml:9:5-20
MERGED from [com.github.bumptech.glide:gifdecoder:4.9.0] AndroidManifest.xml:9:5-20
MERGED from [com.facebook.soloader:soloader:0.6.0] AndroidManifest.xml:11:5-20
MERGED from [com.facebook.soloader:soloader:0.6.0] AndroidManifest.xml:11:5-20
	android:appComponentFactory
		ADDED from [com.android.support:support-compat:28.0.0] AndroidManifest.xml:22:18-91
	android:supportsRtl
		ADDED from src/main/AndroidManifest.xml:31:9-35
	android:label
		ADDED from src/main/AndroidManifest.xml:28:9-41
	android:allowClearUserData
		ADDED from src/main/AndroidManifest.xml:26:9-42
	android:debuggable
		ADDED from src/main/AndroidManifest.xml:30:9-34
	android:largeHeap
		ADDED from src/main/AndroidManifest.xml:29:9-33
	android:icon
		ADDED from src/main/AndroidManifest.xml:27:9-38
	android:allowBackup
		ADDED from src/main/AndroidManifest.xml:25:9-35
	android:usesCleartextTraffic
		ADDED from [lib.5plus.base-release.aar] AndroidManifest.xml:159:9-44
	android:name
		ADDED from src/main/AndroidManifest.xml:24:9-63
activity#io.dcloud.PandoraEntry
ADDED from src/main/AndroidManifest.xml:34:9-56:20
	android:hardwareAccelerated
		ADDED from src/main/AndroidManifest.xml:38:13-47
	android:windowSoftInputMode
		ADDED from src/main/AndroidManifest.xml:39:13-55
	android:configChanges
		ADDED from src/main/AndroidManifest.xml:37:13-92
	android:theme
		ADDED from src/main/AndroidManifest.xml:36:13-52
	android:name
		ADDED from src/main/AndroidManifest.xml:35:13-50
intent-filter#action:name:android.intent.action.VIEW+category:name:android.intent.category.BROWSABLE+category:name:android.intent.category.DEFAULT+data:scheme:hbuilder
ADDED from src/main/AndroidManifest.xml:40:13-46:29
data
ADDED from src/main/AndroidManifest.xml:41:17-50
	android:scheme
		ADDED from src/main/AndroidManifest.xml:41:23-48
	android:mimeType
		ADDED from src/main/AndroidManifest.xml:48:23-49
action#android.intent.action.VIEW
ADDED from src/main/AndroidManifest.xml:42:17-68
	android:name
		ADDED from src/main/AndroidManifest.xml:42:25-66
category#android.intent.category.DEFAULT
ADDED from src/main/AndroidManifest.xml:44:17-75
	android:name
		ADDED from src/main/AndroidManifest.xml:44:27-73
category#android.intent.category.BROWSABLE
ADDED from src/main/AndroidManifest.xml:45:17-77
	android:name
		ADDED from src/main/AndroidManifest.xml:45:27-75
intent-filter#action:name:android.intent.action.SEND+category:name:android.intent.category.DEFAULT+data:mimeType:image/*
ADDED from src/main/AndroidManifest.xml:47:13-51:29
action#android.intent.action.SEND
ADDED from src/main/AndroidManifest.xml:49:17-68
	android:name
		ADDED from src/main/AndroidManifest.xml:49:25-66
intent-filter#action:name:android.intent.action.MAIN+category:name:android.intent.category.LAUNCHER
ADDED from src/main/AndroidManifest.xml:52:13-55:29
action#android.intent.action.MAIN
ADDED from src/main/AndroidManifest.xml:53:17-68
	android:name
		ADDED from src/main/AndroidManifest.xml:53:25-66
category#android.intent.category.LAUNCHER
ADDED from src/main/AndroidManifest.xml:54:17-76
	android:name
		ADDED from src/main/AndroidManifest.xml:54:27-74
meta-data#dcloud_uninview_background
ADDED from src/main/AndroidManifest.xml:57:9-58:35
	android:value
		ADDED from src/main/AndroidManifest.xml:58:13-33
	android:name
		ADDED from src/main/AndroidManifest.xml:57:20-61
activity#io.dcloud.PandoraEntryActivity
ADDED from src/main/AndroidManifest.xml:60:9-84:20
	android:screenOrientation
		ADDED from src/main/AndroidManifest.xml:66:13-45
	android:launchMode
		ADDED from src/main/AndroidManifest.xml:62:13-44
	android:hardwareAccelerated
		ADDED from src/main/AndroidManifest.xml:64:13-47
	android:windowSoftInputMode
		ADDED from src/main/AndroidManifest.xml:68:13-55
	android:permission
		ADDED from src/main/AndroidManifest.xml:65:13-89
	android:configChanges
		ADDED from src/main/AndroidManifest.xml:63:13-101
	android:theme
		ADDED from src/main/AndroidManifest.xml:67:13-47
	android:name
		ADDED from src/main/AndroidManifest.xml:61:13-58
intent-filter#action:name:android.intent.action.VIEW+category:name:android.intent.category.BROWSABLE+category:name:android.intent.category.DEFAULT+data:scheme:h56131bcf
ADDED from src/main/AndroidManifest.xml:70:13-83:29
uses-sdk
INJECTED from src/main/AndroidManifest.xml reason: use-sdk injection requested
INJECTED from src/main/AndroidManifest.xml
INJECTED from src/main/AndroidManifest.xml
MERGED from [lib.5plus.base-release.aar] AndroidManifest.xml:7:5-44
MERGED from [lib.5plus.base-release.aar] AndroidManifest.xml:7:5-44
MERGED from [android-gif-drawable-release@1.2.17.aar] AndroidManifest.xml:6:5-8:41
MERGED from [android-gif-drawable-release@1.2.17.aar] AndroidManifest.xml:6:5-8:41
MERGED from [uniapp-release.aar] AndroidManifest.xml:25:5-27:41
MERGED from [uniapp-release.aar] AndroidManifest.xml:25:5-27:41
MERGED from [com.android.support:support-v4:28.0.0] AndroidManifest.xml:20:5-44
MERGED from [com.android.support:support-v4:28.0.0] AndroidManifest.xml:20:5-44
MERGED from [com.android.support:appcompat-v7:28.0.0] AndroidManifest.xml:20:5-44
MERGED from [com.android.support:appcompat-v7:28.0.0] AndroidManifest.xml:20:5-44
MERGED from [com.android.support:recyclerview-v7:28.0.0] AndroidManifest.xml:20:5-44
MERGED from [com.android.support:recyclerview-v7:28.0.0] AndroidManifest.xml:20:5-44
MERGED from [:uniplugin_richalert] AndroidManifest.xml:7:5-9:41
MERGED from [:uniplugin_richalert] AndroidManifest.xml:7:5-9:41
MERGED from [com.facebook.fresco:fresco:1.13.0] AndroidManifest.xml:5:5-7:41
MERGED from [com.facebook.fresco:fresco:1.13.0] AndroidManifest.xml:5:5-7:41
MERGED from [com.facebook.fresco:animated-gif:1.13.0] AndroidManifest.xml:5:5-7:41
MERGED from [com.facebook.fresco:animated-gif:1.13.0] AndroidManifest.xml:5:5-7:41
MERGED from [com.github.bumptech.glide:glide:4.9.0] AndroidManifest.xml:6:5-8:41
MERGED from [com.github.bumptech.glide:glide:4.9.0] AndroidManifest.xml:6:5-8:41
MERGED from [com.android.support:multidex:1.0.2] AndroidManifest.xml:20:5-43
MERGED from [com.android.support:multidex:1.0.2] AndroidManifest.xml:20:5-43
MERGED from [com.android.support:support-media-compat:28.0.0] AndroidManifest.xml:20:5-44
MERGED from [com.android.support:support-media-compat:28.0.0] AndroidManifest.xml:20:5-44
MERGED from [com.android.support:support-fragment:28.0.0] AndroidManifest.xml:20:5-44
MERGED from [com.android.support:support-fragment:28.0.0] AndroidManifest.xml:20:5-44
MERGED from [com.android.support:animated-vector-drawable:28.0.0] AndroidManifest.xml:20:5-44
MERGED from [com.android.support:animated-vector-drawable:28.0.0] AndroidManifest.xml:20:5-44
MERGED from [com.android.support:support-core-ui:28.0.0] AndroidManifest.xml:20:5-44
MERGED from [com.android.support:support-core-ui:28.0.0] AndroidManifest.xml:20:5-44
MERGED from [com.android.support:support-core-utils:28.0.0] AndroidManifest.xml:20:5-44
MERGED from [com.android.support:support-core-utils:28.0.0] AndroidManifest.xml:20:5-44
MERGED from [com.android.support:support-vector-drawable:28.0.0] AndroidManifest.xml:20:5-44
MERGED from [com.android.support:support-vector-drawable:28.0.0] AndroidManifest.xml:20:5-44
MERGED from [com.android.support:loader:28.0.0] AndroidManifest.xml:20:5-44
MERGED from [com.android.support:loader:28.0.0] AndroidManifest.xml:20:5-44
MERGED from [com.android.support:viewpager:28.0.0] AndroidManifest.xml:20:5-44
MERGED from [com.android.support:viewpager:28.0.0] AndroidManifest.xml:20:5-44
MERGED from [com.android.support:coordinatorlayout:28.0.0] AndroidManifest.xml:20:5-44
MERGED from [com.android.support:coordinatorlayout:28.0.0] AndroidManifest.xml:20:5-44
MERGED from [com.android.support:drawerlayout:28.0.0] AndroidManifest.xml:20:5-44
MERGED from [com.android.support:drawerlayout:28.0.0] AndroidManifest.xml:20:5-44
MERGED from [com.android.support:slidingpanelayout:28.0.0] AndroidManifest.xml:20:5-44
MERGED from [com.android.support:slidingpanelayout:28.0.0] AndroidManifest.xml:20:5-44
MERGED from [com.android.support:customview:28.0.0] AndroidManifest.xml:20:5-44
MERGED from [com.android.support:customview:28.0.0] AndroidManifest.xml:20:5-44
MERGED from [com.android.support:swiperefreshlayout:28.0.0] AndroidManifest.xml:20:5-44
MERGED from [com.android.support:swiperefreshlayout:28.0.0] AndroidManifest.xml:20:5-44
MERGED from [com.android.support:asynclayoutinflater:28.0.0] AndroidManifest.xml:20:5-44
MERGED from [com.android.support:asynclayoutinflater:28.0.0] AndroidManifest.xml:20:5-44
MERGED from [com.android.support:support-compat:28.0.0] AndroidManifest.xml:20:5-44
MERGED from [com.android.support:support-compat:28.0.0] AndroidManifest.xml:20:5-44
MERGED from [com.android.support:versionedparcelable:28.0.0] AndroidManifest.xml:20:5-44
MERGED from [com.android.support:versionedparcelable:28.0.0] AndroidManifest.xml:20:5-44
MERGED from [com.android.support:cursoradapter:28.0.0] AndroidManifest.xml:20:5-44
MERGED from [com.android.support:cursoradapter:28.0.0] AndroidManifest.xml:20:5-44
MERGED from [com.github.bumptech.glide:gifdecoder:4.9.0] AndroidManifest.xml:5:5-7:41
MERGED from [com.github.bumptech.glide:gifdecoder:4.9.0] AndroidManifest.xml:5:5-7:41
MERGED from [android.arch.lifecycle:runtime:1.1.1] AndroidManifest.xml:20:5-44
MERGED from [android.arch.lifecycle:runtime:1.1.1] AndroidManifest.xml:20:5-44
MERGED from [com.android.support:documentfile:28.0.0] AndroidManifest.xml:20:5-44
MERGED from [com.android.support:documentfile:28.0.0] AndroidManifest.xml:20:5-44
MERGED from [com.android.support:localbroadcastmanager:28.0.0] AndroidManifest.xml:20:5-44
MERGED from [com.android.support:localbroadcastmanager:28.0.0] AndroidManifest.xml:20:5-44
MERGED from [com.android.support:print:28.0.0] AndroidManifest.xml:20:5-44
MERGED from [com.android.support:print:28.0.0] AndroidManifest.xml:20:5-44
MERGED from [com.android.support:interpolator:28.0.0] AndroidManifest.xml:20:5-44
MERGED from [com.android.support:interpolator:28.0.0] AndroidManifest.xml:20:5-44
MERGED from [android.arch.lifecycle:livedata:1.1.1] AndroidManifest.xml:20:5-44
MERGED from [android.arch.lifecycle:livedata:1.1.1] AndroidManifest.xml:20:5-44
MERGED from [android.arch.lifecycle:livedata-core:1.1.1] AndroidManifest.xml:20:5-44
MERGED from [android.arch.lifecycle:livedata-core:1.1.1] AndroidManifest.xml:20:5-44
MERGED from [android.arch.core:runtime:1.1.1] AndroidManifest.xml:20:5-44
MERGED from [android.arch.core:runtime:1.1.1] AndroidManifest.xml:20:5-44
MERGED from [android.arch.lifecycle:viewmodel:1.1.1] AndroidManifest.xml:20:5-44
MERGED from [android.arch.lifecycle:viewmodel:1.1.1] AndroidManifest.xml:20:5-44
MERGED from [com.facebook.fresco:animated-base:1.13.0] AndroidManifest.xml:5:5-7:41
MERGED from [com.facebook.fresco:animated-base:1.13.0] AndroidManifest.xml:5:5-7:41
MERGED from [com.facebook.fresco:animated-drawable:1.13.0] AndroidManifest.xml:5:5-7:41
MERGED from [com.facebook.fresco:animated-drawable:1.13.0] AndroidManifest.xml:5:5-7:41
MERGED from [com.facebook.fresco:drawee:1.13.0] AndroidManifest.xml:5:5-7:41
MERGED from [com.facebook.fresco:drawee:1.13.0] AndroidManifest.xml:5:5-7:41
MERGED from [com.facebook.fresco:nativeimagefilters:1.13.0] AndroidManifest.xml:5:5-7:41
MERGED from [com.facebook.fresco:nativeimagefilters:1.13.0] AndroidManifest.xml:5:5-7:41
MERGED from [com.facebook.fresco:imagepipeline:1.13.0] AndroidManifest.xml:5:5-7:41
MERGED from [com.facebook.fresco:imagepipeline:1.13.0] AndroidManifest.xml:5:5-7:41
MERGED from [com.facebook.fresco:nativeimagetranscoder:1.13.0] AndroidManifest.xml:5:5-7:41
MERGED from [com.facebook.fresco:nativeimagetranscoder:1.13.0] AndroidManifest.xml:5:5-7:41
MERGED from [com.facebook.fresco:imagepipeline-base:1.13.0] AndroidManifest.xml:5:5-7:41
MERGED from [com.facebook.fresco:imagepipeline-base:1.13.0] AndroidManifest.xml:5:5-7:41
MERGED from [com.facebook.fresco:fbcore:1.13.0] AndroidManifest.xml:5:5-7:41
MERGED from [com.facebook.fresco:fbcore:1.13.0] AndroidManifest.xml:5:5-7:41
MERGED from [com.facebook.soloader:soloader:0.6.0] AndroidManifest.xml:7:5-9:41
MERGED from [com.facebook.soloader:soloader:0.6.0] AndroidManifest.xml:7:5-9:41
INJECTED from src/main/AndroidManifest.xml
INJECTED from src/main/AndroidManifest.xml
	android:targetSdkVersion
		INJECTED from src/main/AndroidManifest.xml
		ADDED from src/main/AndroidManifest.xml
		INJECTED from src/main/AndroidManifest.xml
	android:minSdkVersion
		INJECTED from src/main/AndroidManifest.xml
		ADDED from src/main/AndroidManifest.xml
		INJECTED from src/main/AndroidManifest.xml
uses-permission#android.permission.INTERNET
ADDED from [lib.5plus.base-release.aar] AndroidManifest.xml:17:5-67
MERGED from [miit_mdid_1.0.10.aar] AndroidManifest.xml:6:5-67
MERGED from [miit_mdid_1.0.10.aar] AndroidManifest.xml:6:5-67
	android:name
		ADDED from [lib.5plus.base-release.aar] AndroidManifest.xml:17:22-64
uses-permission#android.permission.ACCESS_NETWORK_STATE
ADDED from [lib.5plus.base-release.aar] AndroidManifest.xml:18:5-79
MERGED from [miit_mdid_1.0.10.aar] AndroidManifest.xml:4:5-79
MERGED from [miit_mdid_1.0.10.aar] AndroidManifest.xml:4:5-79
	android:name
		ADDED from [lib.5plus.base-release.aar] AndroidManifest.xml:18:22-76
uses-permission#com.huawei.android.launcher.permission.CHANGE_BADGE
ADDED from [lib.5plus.base-release.aar] AndroidManifest.xml:24:5-91
	android:name
		ADDED from [lib.5plus.base-release.aar] AndroidManifest.xml:24:22-88
service#io.dcloud.common.adapter.io.MiniServerService
ADDED from [lib.5plus.base-release.aar] AndroidManifest.xml:160:9-162:40
	android:exported
		ADDED from [lib.5plus.base-release.aar] AndroidManifest.xml:162:13-37
	android:name
		ADDED from [lib.5plus.base-release.aar] AndroidManifest.xml:161:13-73
receiver#io.dcloud.common.adapter.io.PushReceiver
ADDED from [lib.5plus.base-release.aar] AndroidManifest.xml:164:9-168:20
	android:name
		ADDED from [lib.5plus.base-release.aar] AndroidManifest.xml:164:19-74
intent-filter#action:name:dcloud.push.broswer
ADDED from [lib.5plus.base-release.aar] AndroidManifest.xml:165:13-167:29
action#dcloud.push.broswer
ADDED from [lib.5plus.base-release.aar] AndroidManifest.xml:166:17-62
	android:name
		ADDED from [lib.5plus.base-release.aar] AndroidManifest.xml:166:25-59
activity#io.dcloud.imagepick.CustomGalleryActivity
ADDED from [lib.5plus.base-release.aar] AndroidManifest.xml:170:9-173:40
	android:noHistory
		ADDED from [lib.5plus.base-release.aar] AndroidManifest.xml:173:13-37
	android:exported
		ADDED from [lib.5plus.base-release.aar] AndroidManifest.xml:172:13-37
	android:name
		ADDED from [lib.5plus.base-release.aar] AndroidManifest.xml:171:13-69
activity#io.dcloud.feature.nativeObj.photoview.PhotoActivity
ADDED from [lib.5plus.base-release.aar] AndroidManifest.xml:174:9-177:58
	android:noHistory
		ADDED from [lib.5plus.base-release.aar] AndroidManifest.xml:176:13-38
	android:theme
		ADDED from [lib.5plus.base-release.aar] AndroidManifest.xml:177:13-55
	android:name
		ADDED from [lib.5plus.base-release.aar] AndroidManifest.xml:175:13-79
activity#io.dcloud.appstream.StreamAppMainActivity
ADDED from [lib.5plus.base-release.aar] AndroidManifest.xml:178:9-199:20
	android:screenOrientation
		ADDED from [lib.5plus.base-release.aar] AndroidManifest.xml:183:13-49
	android:launchMode
		ADDED from [lib.5plus.base-release.aar] AndroidManifest.xml:182:13-44
	android:windowSoftInputMode
		ADDED from [lib.5plus.base-release.aar] AndroidManifest.xml:186:13-73
	android:exported
		ADDED from [lib.5plus.base-release.aar] AndroidManifest.xml:181:13-36
	android:configChanges
		ADDED from [lib.5plus.base-release.aar] AndroidManifest.xml:180:13-82
	android:theme
		ADDED from [lib.5plus.base-release.aar] AndroidManifest.xml:185:13-70
	android:taskAffinity
		ADDED from [lib.5plus.base-release.aar] AndroidManifest.xml:184:13-41
	android:name
		ADDED from [lib.5plus.base-release.aar] AndroidManifest.xml:179:13-69
intent-filter#action:name:android.intent.action.MAIN
ADDED from [lib.5plus.base-release.aar] AndroidManifest.xml:187:13-189:29
intent-filter#action:name:android.intent.action.VIEW+category:name:android.intent.category.BROWSABLE+category:name:android.intent.category.DEFAULT+data:scheme:streamapp+data:scheme:streamappmain
ADDED from [lib.5plus.base-release.aar] AndroidManifest.xml:190:13-198:29
activity#io.dcloud.WebAppActivity
ADDED from [lib.5plus.base-release.aar] AndroidManifest.xml:200:9-210:58
	android:screenOrientation
		ADDED from [lib.5plus.base-release.aar] AndroidManifest.xml:207:13-49
	android:label
		ADDED from [lib.5plus.base-release.aar] AndroidManifest.xml:205:13-46
	android:launchMode
		ADDED from [lib.5plus.base-release.aar] AndroidManifest.xml:206:13-44
	android:hardwareAccelerated
		ADDED from [lib.5plus.base-release.aar] AndroidManifest.xml:203:13-47
	android:windowSoftInputMode
		ADDED from [lib.5plus.base-release.aar] AndroidManifest.xml:210:13-55
	android:configChanges
		ADDED from [lib.5plus.base-release.aar] AndroidManifest.xml:202:13-92
	android:icon
		ADDED from [lib.5plus.base-release.aar] AndroidManifest.xml:204:13-51
	android:theme
		ADDED from [lib.5plus.base-release.aar] AndroidManifest.xml:209:13-47
	android:taskAffinity
		ADDED from [lib.5plus.base-release.aar] AndroidManifest.xml:208:13-43
	android:name
		ADDED from [lib.5plus.base-release.aar] AndroidManifest.xml:201:13-52
service#io.dcloud.streamdownload.DownloadService
ADDED from [lib.5plus.base-release.aar] AndroidManifest.xml:212:9-216:19
	android:name
		ADDED from [lib.5plus.base-release.aar] AndroidManifest.xml:212:18-73
intent-filter#action:name:com.qihoo.life.plugin.streamapp.ACTION_PUSH_TO_PLUGIN
ADDED from [lib.5plus.base-release.aar] AndroidManifest.xml:213:13-215:29
action#com.qihoo.life.plugin.streamapp.ACTION_PUSH_TO_PLUGIN
ADDED from [lib.5plus.base-release.aar] AndroidManifest.xml:214:17-96
	android:name
		ADDED from [lib.5plus.base-release.aar] AndroidManifest.xml:214:25-93
service#io.dcloud.appstream.service.DaemonService
ADDED from [lib.5plus.base-release.aar] AndroidManifest.xml:217:9-220:41
	android:process
		ADDED from [lib.5plus.base-release.aar] AndroidManifest.xml:220:13-38
	android:exported
		ADDED from [lib.5plus.base-release.aar] AndroidManifest.xml:219:13-37
	android:name
		ADDED from [lib.5plus.base-release.aar] AndroidManifest.xml:218:13-69
service#io.dcloud.appstream.service.ProtectService
ADDED from [lib.5plus.base-release.aar] AndroidManifest.xml:221:9-223:40
	android:exported
		ADDED from [lib.5plus.base-release.aar] AndroidManifest.xml:223:13-37
	android:name
		ADDED from [lib.5plus.base-release.aar] AndroidManifest.xml:222:13-70
service#io.dcloud.multiprocess.service.MultiProcessService
ADDED from [lib.5plus.base-release.aar] AndroidManifest.xml:246:9-86
	android:name
		ADDED from [lib.5plus.base-release.aar] AndroidManifest.xml:246:18-83
activity#io.dcloud.multiprocess.activity.WebAppActivity1
ADDED from [lib.5plus.base-release.aar] AndroidManifest.xml:248:9-259:58
	android:screenOrientation
		ADDED from [lib.5plus.base-release.aar] AndroidManifest.xml:256:13-49
	android:process
		ADDED from [lib.5plus.base-release.aar] AndroidManifest.xml:255:13-61
	android:label
		ADDED from [lib.5plus.base-release.aar] AndroidManifest.xml:253:13-46
	android:launchMode
		ADDED from [lib.5plus.base-release.aar] AndroidManifest.xml:254:13-44
	android:hardwareAccelerated
		ADDED from [lib.5plus.base-release.aar] AndroidManifest.xml:251:13-47
	android:windowSoftInputMode
		ADDED from [lib.5plus.base-release.aar] AndroidManifest.xml:259:13-55
	android:configChanges
		ADDED from [lib.5plus.base-release.aar] AndroidManifest.xml:250:13-82
	android:icon
		ADDED from [lib.5plus.base-release.aar] AndroidManifest.xml:252:13-51
	android:theme
		ADDED from [lib.5plus.base-release.aar] AndroidManifest.xml:258:13-47
	android:taskAffinity
		ADDED from [lib.5plus.base-release.aar] AndroidManifest.xml:257:13-44
	android:name
		ADDED from [lib.5plus.base-release.aar] AndroidManifest.xml:249:13-75
activity#io.dcloud.appstream.OpenStreamAppTransferActivity
ADDED from [lib.5plus.base-release.aar] AndroidManifest.xml:260:9-266:20
	android:screenOrientation
		ADDED from [lib.5plus.base-release.aar] AndroidManifest.xml:263:13-49
	android:windowSoftInputMode
		ADDED from [lib.5plus.base-release.aar] AndroidManifest.xml:265:13-73
	android:configChanges
		ADDED from [lib.5plus.base-release.aar] AndroidManifest.xml:262:13-82
	android:theme
		ADDED from [lib.5plus.base-release.aar] AndroidManifest.xml:264:13-70
	android:name
		ADDED from [lib.5plus.base-release.aar] AndroidManifest.xml:261:13-77
meta-data#MultiProcessCount
ADDED from [lib.5plus.base-release.aar] AndroidManifest.xml:268:9-270:33
	android:value
		ADDED from [lib.5plus.base-release.aar] AndroidManifest.xml:270:13-30
	android:name
		ADDED from [lib.5plus.base-release.aar] AndroidManifest.xml:269:13-45
activity#io.dcloud.ProcessMediator
ADDED from [lib.5plus.base-release.aar] AndroidManifest.xml:272:9-278:75
	android:label
		ADDED from [lib.5plus.base-release.aar] AndroidManifest.xml:276:13-45
	android:excludeFromRecents
		ADDED from [lib.5plus.base-release.aar] AndroidManifest.xml:274:13-46
	android:launchMode
		ADDED from [lib.5plus.base-release.aar] AndroidManifest.xml:277:13-43
	android:exported
		ADDED from [lib.5plus.base-release.aar] AndroidManifest.xml:275:13-36
	android:theme
		ADDED from [lib.5plus.base-release.aar] AndroidManifest.xml:278:13-72
	android:name
		ADDED from [lib.5plus.base-release.aar] AndroidManifest.xml:273:13-53
activity#io.dcloud.WebviewActivity
ADDED from [lib.5plus.base-release.aar] AndroidManifest.xml:279:9-284:20
	android:screenOrientation
		ADDED from [lib.5plus.base-release.aar] AndroidManifest.xml:281:13-49
	android:windowSoftInputMode
		ADDED from [lib.5plus.base-release.aar] AndroidManifest.xml:283:13-52
	android:theme
		ADDED from [lib.5plus.base-release.aar] AndroidManifest.xml:282:13-51
	android:name
		ADDED from [lib.5plus.base-release.aar] AndroidManifest.xml:280:13-53
receiver#io.dcloud.common.adapter.io.DownloadReceiver
ADDED from [lib.5plus.base-release.aar] AndroidManifest.xml:286:9-295:20
	android:name
		ADDED from [lib.5plus.base-release.aar] AndroidManifest.xml:286:19-78
intent-filter#action:name:android.intent.action.DOWNLOAD_COMPLETE
ADDED from [lib.5plus.base-release.aar] AndroidManifest.xml:287:13-289:29
action#android.intent.action.DOWNLOAD_COMPLETE